2021-02-22 19:27:57 [org.apache.ibatis.logging.LogFactory]-[DEBUG] Logging initialized using 'class org.apache.ibatis.logging.slf4j.Slf4jImpl' adapter.
  2021-02-22 19:27:57 [org.apache.ibatis.datasource.pooled.PooledDataSource]-[DEBUG] PooledDataSource forcefully closed/removed all connections.
  2021-02-22 19:27:57 [org.apache.ibatis.datasource.pooled.PooledDataSource]-[DEBUG] PooledDataSource forcefully closed/removed all connections.
  2021-02-22 19:27:57 [org.apache.ibatis.datasource.pooled.PooledDataSource]-[DEBUG] PooledDataSource forcefully closed/removed all connections.
  2021-02-22 19:27:57 [org.apache.ibatis.datasource.pooled.PooledDataSource]-[DEBUG] PooledDataSource forcefully closed/removed all connections.
  2021-02-22 19:28:47 [org.apache.ibatis.logging.LogFactory]-[DEBUG] Logging initialized using 'class org.apache.ibatis.logging.slf4j.Slf4jImpl' adapter.
  2021-02-22 19:28:48 [org.apache.ibatis.datasource.pooled.PooledDataSource]-[DEBUG] PooledDataSource forcefully closed/removed all connections.
  2021-02-22 19:28:48 [org.apache.ibatis.datasource.pooled.PooledDataSource]-[DEBUG] PooledDataSource forcefully closed/removed all connections.
  2021-02-22 19:28:48 [org.apache.ibatis.datasource.pooled.PooledDataSource]-[DEBUG] PooledDataSource forcefully closed/removed all connections.
  2021-02-22 19:28:48 [org.apache.ibatis.datasource.pooled.PooledDataSource]-[DEBUG] PooledDataSource forcefully closed/removed all connections.
  2021-02-22 19:29:16 [org.apache.ibatis.logging.LogFactory]-[DEBUG] Logging initialized using 'class org.apache.ibatis.logging.slf4j.Slf4jImpl' adapter.
  2021-02-22 19:29:16 [org.apache.ibatis.datasource.pooled.PooledDataSource]-[DEBUG] PooledDataSource forcefully closed/removed all connections.
  2021-02-22 19:29:16 [org.apache.ibatis.datasource.pooled.PooledDataSource]-[DEBUG] PooledDataSource forcefully closed/removed all connections.
  2021-02-22 19:29:16 [org.apache.ibatis.datasource.pooled.PooledDataSource]-[DEBUG] PooledDataSource forcefully closed/removed all connections.
  2021-02-22 19:29:16 [org.apache.ibatis.datasource.pooled.PooledDataSource]-[DEBUG] PooledDataSource forcefully closed/removed all connections.
  2021-02-22 19:31:39 [org.apache.ibatis.logging.LogFactory]-[DEBUG] Logging initialized using 'class org.apache.ibatis.logging.slf4j.Slf4jImpl' adapter.
  2021-02-22 19:31:39 [org.apache.ibatis.datasource.pooled.PooledDataSource]-[DEBUG] PooledDataSource forcefully closed/removed all connections.
  2021-02-22 19:31:39 [org.apache.ibatis.datasource.pooled.PooledDataSource]-[DEBUG] PooledDataSource forcefully closed/removed all connections.
  2021-02-22 19:31:39 [org.apache.ibatis.datasource.pooled.PooledDataSource]-[DEBUG] PooledDataSource forcefully closed/removed all connections.
  2021-02-22 19:31:39 [org.apache.ibatis.datasource.pooled.PooledDataSource]-[DEBUG] PooledDataSource forcefully closed/removed all connections.
  2021-02-22 19:31:39 [org.apache.ibatis.transaction.jdbc.JdbcTransaction]-[DEBUG] Opening JDBC Connection
  2021-02-22 19:31:40 [org.apache.ibatis.datasource.pooled.PooledDataSource]-[DEBUG] Created connection 1773206895.
  2021-02-22 19:31:40 [yanfan.mapper.PersonMapper.selectAll]-[DEBUG] ooo Using Connection [com.mysql.jdbc.JDBC4Connection@69b0fd6f]
  2021-02-22 19:31:40 [yanfan.mapper.PersonMapper.selectAll]-[DEBUG] ==>  Preparing: select id, name, sex, age, rank, department from persondb.person 
  2021-02-22 19:31:40 [yanfan.mapper.PersonMapper.selectAll]-[DEBUG] ==> Parameters: 
  2021-02-22 19:46:42 [org.apache.ibatis.logging.LogFactory]-[DEBUG] Logging initialized using 'class org.apache.ibatis.logging.slf4j.Slf4jImpl' adapter.
  2021-02-22 19:46:43 [org.apache.ibatis.datasource.pooled.PooledDataSource]-[DEBUG] PooledDataSource forcefully closed/removed all connections.
  2021-02-22 19:46:43 [org.apache.ibatis.datasource.pooled.PooledDataSource]-[DEBUG] PooledDataSource forcefully closed/removed all connections.
  2021-02-22 19:46:43 [org.apache.ibatis.datasource.pooled.PooledDataSource]-[DEBUG] PooledDataSource forcefully closed/removed all connections.
  2021-02-22 19:46:43 [org.apache.ibatis.datasource.pooled.PooledDataSource]-[DEBUG] PooledDataSource forcefully closed/removed all connections.
  2021-02-22 19:46:43 [org.apache.ibatis.transaction.jdbc.JdbcTransaction]-[DEBUG] Opening JDBC Connection
  2021-02-22 19:46:43 [org.apache.ibatis.datasource.pooled.PooledDataSource]-[DEBUG] Created connection 1725017993.
  2021-02-22 19:46:43 [yanfan.mapper.PersonMapper.add]-[DEBUG] ooo Using Connection [com.mysql.jdbc.JDBC4Connection@66d1af89]
  2021-02-22 19:46:43 [yanfan.mapper.PersonMapper.add]-[DEBUG] ==>  Preparing: insert into persondb.person (id, name, sex, age, rank, department ) values ( ?, ?, ?, ?, ? ); 
  2021-02-22 19:46:43 [yanfan.mapper.PersonMapper.add]-[DEBUG] ==> Parameters: 陈七(String), 男(String), 22(Long), 4级(String), 开发部(String)
  2021-02-22 19:46:43 [org.apache.ibatis.transaction.jdbc.JdbcTransaction]-[DEBUG] Rolling back JDBC Connection [com.mysql.jdbc.JDBC4Connection@66d1af89]
  2021-02-22 19:47:16 [org.apache.ibatis.logging.LogFactory]-[DEBUG] Logging initialized using 'class org.apache.ibatis.logging.slf4j.Slf4jImpl' adapter.
  2021-02-22 19:47:16 [org.apache.ibatis.datasource.pooled.PooledDataSource]-[DEBUG] PooledDataSource forcefully closed/removed all connections.
  2021-02-22 19:47:16 [org.apache.ibatis.datasource.pooled.PooledDataSource]-[DEBUG] PooledDataSource forcefully closed/removed all connections.
  2021-02-22 19:47:16 [org.apache.ibatis.datasource.pooled.PooledDataSource]-[DEBUG] PooledDataSource forcefully closed/removed all connections.
  2021-02-22 19:47:16 [org.apache.ibatis.datasource.pooled.PooledDataSource]-[DEBUG] PooledDataSource forcefully closed/removed all connections.
  2021-02-22 19:47:16 [org.apache.ibatis.transaction.jdbc.JdbcTransaction]-[DEBUG] Opening JDBC Connection
  2021-02-22 19:47:16 [org.apache.ibatis.datasource.pooled.PooledDataSource]-[DEBUG] Created connection 1725017993.
  2021-02-22 19:47:16 [yanfan.mapper.PersonMapper.add]-[DEBUG] ooo Using Connection [com.mysql.jdbc.JDBC4Connection@66d1af89]
  2021-02-22 19:47:16 [yanfan.mapper.PersonMapper.add]-[DEBUG] ==>  Preparing: insert into persondb.person ( name, sex, age, rank, department ) values ( ?, ?, ?, ?, ? ); 
  2021-02-22 19:47:16 [yanfan.mapper.PersonMapper.add]-[DEBUG] ==> Parameters: 陈七(String), 男(String), 22(Long), 4级(String), 开发部(String)
  2021-02-22 19:47:16 [org.apache.ibatis.transaction.jdbc.JdbcTransaction]-[DEBUG] Committing JDBC Connection [com.mysql.jdbc.JDBC4Connection@66d1af89]
  2021-02-22 19:49:43 [org.apache.ibatis.logging.LogFactory]-[DEBUG] Logging initialized using 'class org.apache.ibatis.logging.slf4j.Slf4jImpl' adapter.
  2021-02-22 19:49:43 [org.apache.ibatis.datasource.pooled.PooledDataSource]-[DEBUG] PooledDataSource forcefully closed/removed all connections.
  2021-02-22 19:49:43 [org.apache.ibatis.datasource.pooled.PooledDataSource]-[DEBUG] PooledDataSource forcefully closed/removed all connections.
  2021-02-22 19:49:43 [org.apache.ibatis.datasource.pooled.PooledDataSource]-[DEBUG] PooledDataSource forcefully closed/removed all connections.
  2021-02-22 19:49:43 [org.apache.ibatis.datasource.pooled.PooledDataSource]-[DEBUG] PooledDataSource forcefully closed/removed all connections.
  2021-02-22 19:49:43 [org.apache.ibatis.transaction.jdbc.JdbcTransaction]-[DEBUG] Opening JDBC Connection
  2021-02-22 19:49:43 [org.apache.ibatis.datasource.pooled.PooledDataSource]-[DEBUG] Created connection 1773206895.
  2021-02-22 19:49:43 [yanfan.mapper.PersonMapper.selectAll]-[DEBUG] ooo Using Connection [com.mysql.jdbc.JDBC4Connection@69b0fd6f]
  2021-02-22 19:49:43 [yanfan.mapper.PersonMapper.selectAll]-[DEBUG] ==>  Preparing: select id, name, sex, age, rank, department from persondb.person 
  2021-02-22 19:49:43 [yanfan.mapper.PersonMapper.selectAll]-[DEBUG] ==> Parameters: 
  2021-02-22 19:50:34 [org.apache.ibatis.logging.LogFactory]-[DEBUG] Logging initialized using 'class org.apache.ibatis.logging.slf4j.Slf4jImpl' adapter.
  2021-02-22 19:50:34 [org.apache.ibatis.datasource.pooled.PooledDataSource]-[DEBUG] PooledDataSource forcefully closed/removed all connections.
  2021-02-22 19:50:34 [org.apache.ibatis.datasource.pooled.PooledDataSource]-[DEBUG] PooledDataSource forcefully closed/removed all connections.
  2021-02-22 19:50:34 [org.apache.ibatis.datasource.pooled.PooledDataSource]-[DEBUG] PooledDataSource forcefully closed/removed all connections.
  2021-02-22 19:50:34 [org.apache.ibatis.datasource.pooled.PooledDataSource]-[DEBUG] PooledDataSource forcefully closed/removed all connections.
  2021-02-22 19:50:34 [org.apache.ibatis.transaction.jdbc.JdbcTransaction]-[DEBUG] Opening JDBC Connection
  2021-02-22 19:50:34 [org.apache.ibatis.datasource.pooled.PooledDataSource]-[DEBUG] Created connection 1725017993.
  2021-02-22 19:50:34 [yanfan.mapper.PersonMapper.add]-[DEBUG] ooo Using Connection [com.mysql.jdbc.JDBC4Connection@66d1af89]
  2021-02-22 19:50:34 [yanfan.mapper.PersonMapper.add]-[DEBUG] ==>  Preparing: insert into persondb.person ( name, sex, age, rank, department ) values ( ?, ?, ?, ?, ? ); 
  2021-02-22 19:50:34 [yanfan.mapper.PersonMapper.add]-[DEBUG] ==> Parameters: 七(String), 男(String), 22(Long), 4级(String), 开发部(String)
  2021-02-22 19:50:34 [org.apache.ibatis.transaction.jdbc.JdbcTransaction]-[DEBUG] Committing JDBC Connection [com.mysql.jdbc.JDBC4Connection@66d1af89]
  2021-02-22 19:50:39 [org.apache.ibatis.logging.LogFactory]-[DEBUG] Logging initialized using 'class org.apache.ibatis.logging.slf4j.Slf4jImpl' adapter.
  2021-02-22 19:50:39 [org.apache.ibatis.datasource.pooled.PooledDataSource]-[DEBUG] PooledDataSource forcefully closed/removed all connections.
  2021-02-22 19:50:39 [org.apache.ibatis.datasource.pooled.PooledDataSource]-[DEBUG] PooledDataSource forcefully closed/removed all connections.
  2021-02-22 19:50:39 [org.apache.ibatis.datasource.pooled.PooledDataSource]-[DEBUG] PooledDataSource forcefully closed/removed all connections.
  2021-02-22 19:50:39 [org.apache.ibatis.datasource.pooled.PooledDataSource]-[DEBUG] PooledDataSource forcefully closed/removed all connections.
  2021-02-22 19:50:39 [org.apache.ibatis.transaction.jdbc.JdbcTransaction]-[DEBUG] Opening JDBC Connection
  2021-02-22 19:50:39 [org.apache.ibatis.datasource.pooled.PooledDataSource]-[DEBUG] Created connection 1773206895.
  2021-02-22 19:50:39 [yanfan.mapper.PersonMapper.selectAll]-[DEBUG] ooo Using Connection [com.mysql.jdbc.JDBC4Connection@69b0fd6f]
  2021-02-22 19:50:39 [yanfan.mapper.PersonMapper.selectAll]-[DEBUG] ==>  Preparing: select id, name, sex, age, rank, department from persondb.person 
  2021-02-22 19:50:39 [yanfan.mapper.PersonMapper.selectAll]-[DEBUG] ==> Parameters: 
  2021-02-22 19:51:47 [org.apache.ibatis.logging.LogFactory]-[DEBUG] Logging initialized using 'class org.apache.ibatis.logging.slf4j.Slf4jImpl' adapter.
  2021-02-22 19:51:47 [org.apache.ibatis.datasource.pooled.PooledDataSource]-[DEBUG] PooledDataSource forcefully closed/removed all connections.
  2021-02-22 19:51:47 [org.apache.ibatis.datasource.pooled.PooledDataSource]-[DEBUG] PooledDataSource forcefully closed/removed all connections.
  2021-02-22 19:51:47 [org.apache.ibatis.datasource.pooled.PooledDataSource]-[DEBUG] PooledDataSource forcefully closed/removed all connections.
  2021-02-22 19:51:47 [org.apache.ibatis.datasource.pooled.PooledDataSource]-[DEBUG] PooledDataSource forcefully closed/removed all connections.
  2021-02-22 19:51:48 [org.apache.ibatis.transaction.jdbc.JdbcTransaction]-[DEBUG] Opening JDBC Connection
  2021-02-22 19:51:48 [org.apache.ibatis.datasource.pooled.PooledDataSource]-[DEBUG] Created connection 1725017993.
  2021-02-22 19:51:48 [yanfan.mapper.PersonMapper.add]-[DEBUG] ooo Using Connection [com.mysql.jdbc.JDBC4Connection@66d1af89]
  2021-02-22 19:51:48 [yanfan.mapper.PersonMapper.add]-[DEBUG] ==>  Preparing: insert into persondb.person ( name, sex, age, rank, department ) values ( ?, ?, ?, ?, ? ); 
  2021-02-22 19:51:48 [yanfan.mapper.PersonMapper.add]-[DEBUG] ==> Parameters: 七1(String), 男(String), 22(Long), 4级(String), 开发部(String)
  2021-02-22 19:51:48 [org.apache.ibatis.transaction.jdbc.JdbcTransaction]-[DEBUG] Committing JDBC Connection [com.mysql.jdbc.JDBC4Connection@66d1af89]
  2021-02-22 19:52:11 [org.apache.ibatis.logging.LogFactory]-[DEBUG] Logging initialized using 'class org.apache.ibatis.logging.slf4j.Slf4jImpl' adapter.
  2021-02-22 19:52:11 [org.apache.ibatis.datasource.pooled.PooledDataSource]-[DEBUG] PooledDataSource forcefully closed/removed all connections.
  2021-02-22 19:52:11 [org.apache.ibatis.datasource.pooled.PooledDataSource]-[DEBUG] PooledDataSource forcefully closed/removed all connections.
  2021-02-22 19:52:11 [org.apache.ibatis.datasource.pooled.PooledDataSource]-[DEBUG] PooledDataSource forcefully closed/removed all connections.
  2021-02-22 19:52:11 [org.apache.ibatis.datasource.pooled.PooledDataSource]-[DEBUG] PooledDataSource forcefully closed/removed all connections.
  2021-02-22 19:52:11 [org.apache.ibatis.transaction.jdbc.JdbcTransaction]-[DEBUG] Opening JDBC Connection
  2021-02-22 19:52:11 [org.apache.ibatis.datasource.pooled.PooledDataSource]-[DEBUG] Created connection 1725017993.
  2021-02-22 19:52:11 [yanfan.mapper.PersonMapper.add]-[DEBUG] ooo Using Connection [com.mysql.jdbc.JDBC4Connection@66d1af89]
  2021-02-22 19:52:11 [yanfan.mapper.PersonMapper.add]-[DEBUG] ==>  Preparing: insert into persondb.person ( name, sex, age, rank, department ) values ( ?, ?, ?, ?, ? ); 
  2021-02-22 19:52:11 [yanfan.mapper.PersonMapper.add]-[DEBUG] ==> Parameters: 七1(String), 男(String), 22(Long), 4级(String), 开发部(String)
  2021-02-22 19:52:11 [org.apache.ibatis.transaction.jdbc.JdbcTransaction]-[DEBUG] Committing JDBC Connection [com.mysql.jdbc.JDBC4Connection@66d1af89]
  2021-02-22 20:00:33 [org.apache.ibatis.logging.LogFactory]-[DEBUG] Logging initialized using 'class org.apache.ibatis.logging.slf4j.Slf4jImpl' adapter.
  2021-02-22 20:00:33 [org.apache.ibatis.datasource.pooled.PooledDataSource]-[DEBUG] PooledDataSource forcefully closed/removed all connections.
  2021-02-22 20:00:33 [org.apache.ibatis.datasource.pooled.PooledDataSource]-[DEBUG] PooledDataSource forcefully closed/removed all connections.
  2021-02-22 20:00:33 [org.apache.ibatis.datasource.pooled.PooledDataSource]-[DEBUG] PooledDataSource forcefully closed/removed all connections.
  2021-02-22 20:00:33 [org.apache.ibatis.datasource.pooled.PooledDataSource]-[DEBUG] PooledDataSource forcefully closed/removed all connections.
  2021-02-22 20:00:33 [org.apache.ibatis.transaction.jdbc.JdbcTransaction]-[DEBUG] Opening JDBC Connection
  2021-02-22 20:00:33 [org.apache.ibatis.datasource.pooled.PooledDataSource]-[DEBUG] Created connection 1725017993.
  2021-02-22 20:00:33 [yanfan.mapper.PersonMapper.add]-[DEBUG] ooo Using Connection [com.mysql.jdbc.JDBC4Connection@66d1af89]
  2021-02-22 20:00:33 [yanfan.mapper.PersonMapper.add]-[DEBUG] ==>  Preparing: insert into persondb.person ( name, sex, age, rank, department ) values ( ?, ?, ?, ?, ? ); 
  2021-02-22 20:00:33 [yanfan.mapper.PersonMapper.add]-[DEBUG] ==> Parameters: 七1(String), 男(String), 22(Long), 4级(String), 开发部(String)
  2021-02-22 20:00:33 [org.apache.ibatis.transaction.jdbc.JdbcTransaction]-[DEBUG] Committing JDBC Connection [com.mysql.jdbc.JDBC4Connection@66d1af89]
  2021-02-22 20:01:31 [org.apache.ibatis.logging.LogFactory]-[DEBUG] Logging initialized using 'class org.apache.ibatis.logging.slf4j.Slf4jImpl' adapter.
  2021-02-22 20:01:31 [org.apache.ibatis.datasource.pooled.PooledDataSource]-[DEBUG] PooledDataSource forcefully closed/removed all connections.
  2021-02-22 20:01:31 [org.apache.ibatis.datasource.pooled.PooledDataSource]-[DEBUG] PooledDataSource forcefully closed/removed all connections.
  2021-02-22 20:01:31 [org.apache.ibatis.datasource.pooled.PooledDataSource]-[DEBUG] PooledDataSource forcefully closed/removed all connections.
  2021-02-22 20:01:31 [org.apache.ibatis.datasource.pooled.PooledDataSource]-[DEBUG] PooledDataSource forcefully closed/removed all connections.
  2021-02-22 20:01:31 [org.apache.ibatis.transaction.jdbc.JdbcTransaction]-[DEBUG] Opening JDBC Connection
  2021-02-22 20:01:31 [org.apache.ibatis.datasource.pooled.PooledDataSource]-[DEBUG] Created connection 1773206895.
  2021-02-22 20:01:31 [yanfan.mapper.PersonMapper.selectAll]-[DEBUG] ooo Using Connection [com.mysql.jdbc.JDBC4Connection@69b0fd6f]
  2021-02-22 20:01:31 [yanfan.mapper.PersonMapper.selectAll]-[DEBUG] ==>  Preparing: select id, name, sex, age, rank, department from persondb.person 
  2021-02-22 20:01:31 [yanfan.mapper.PersonMapper.selectAll]-[DEBUG] ==> Parameters: 
  2021-02-22 20:34:32 [org.apache.ibatis.logging.LogFactory]-[DEBUG] Logging initialized using 'class org.apache.ibatis.logging.slf4j.Slf4jImpl' adapter.
  2021-02-22 20:34:33 [org.apache.ibatis.datasource.pooled.PooledDataSource]-[DEBUG] PooledDataSource forcefully closed/removed all connections.
  2021-02-22 20:34:33 [org.apache.ibatis.datasource.pooled.PooledDataSource]-[DEBUG] PooledDataSource forcefully closed/removed all connections.
  2021-02-22 20:34:33 [org.apache.ibatis.datasource.pooled.PooledDataSource]-[DEBUG] PooledDataSource forcefully closed/removed all connections.
  2021-02-22 20:34:33 [org.apache.ibatis.datasource.pooled.PooledDataSource]-[DEBUG] PooledDataSource forcefully closed/removed all connections.
  2021-02-22 20:34:33 [org.apache.ibatis.transaction.jdbc.JdbcTransaction]-[DEBUG] Opening JDBC Connection
  2021-02-22 20:34:33 [org.apache.ibatis.datasource.pooled.PooledDataSource]-[DEBUG] Created connection 1725017993.
  2021-02-22 20:34:33 [yanfan.mapper.PersonMapper.update]-[DEBUG] ooo Using Connection [com.mysql.jdbc.JDBC4Connection@66d1af89]
  2021-02-22 20:34:33 [yanfan.mapper.PersonMapper.update]-[DEBUG] ==>  Preparing: update persondb.person set name = ? , sex = ? , age = ? , rank = ? , department = ? where id =? ; 
  2021-02-22 20:34:33 [yanfan.mapper.PersonMapper.update]-[DEBUG] ==> Parameters: 胡八(String), 男(String), 22(Long), 1级(String), 开发部(String), 9(Long)
  2021-02-22 20:34:33 [org.apache.ibatis.transaction.jdbc.JdbcTransaction]-[DEBUG] Committing JDBC Connection [com.mysql.jdbc.JDBC4Connection@66d1af89]
  2021-02-22 20:40:28 [org.apache.ibatis.logging.LogFactory]-[DEBUG] Logging initialized using 'class org.apache.ibatis.logging.slf4j.Slf4jImpl' adapter.
  2021-02-22 20:40:28 [org.apache.ibatis.datasource.pooled.PooledDataSource]-[DEBUG] PooledDataSource forcefully closed/removed all connections.
  2021-02-22 20:40:28 [org.apache.ibatis.datasource.pooled.PooledDataSource]-[DEBUG] PooledDataSource forcefully closed/removed all connections.
  2021-02-22 20:40:28 [org.apache.ibatis.datasource.pooled.PooledDataSource]-[DEBUG] PooledDataSource forcefully closed/removed all connections.
  2021-02-22 20:40:28 [org.apache.ibatis.datasource.pooled.PooledDataSource]-[DEBUG] PooledDataSource forcefully closed/removed all connections.
  2021-02-22 20:40:28 [org.apache.ibatis.transaction.jdbc.JdbcTransaction]-[DEBUG] Opening JDBC Connection
  2021-02-22 20:40:29 [org.apache.ibatis.datasource.pooled.PooledDataSource]-[DEBUG] Created connection 1725017993.
  2021-02-22 20:40:29 [yanfan.mapper.PersonMapper.update]-[DEBUG] ooo Using Connection [com.mysql.jdbc.JDBC4Connection@66d1af89]
  2021-02-22 20:40:29 [yanfan.mapper.PersonMapper.update]-[DEBUG] ==>  Preparing: update persondb.person set name = ? , sex = ? , age = ? , rank = ? , department = ? where id =? ; 
  2021-02-22 20:40:29 [yanfan.mapper.PersonMapper.update]-[DEBUG] ==> Parameters: null, null, null, null, null, 9(Long)
  2021-02-22 20:40:29 [org.apache.ibatis.transaction.jdbc.JdbcTransaction]-[DEBUG] Rolling back JDBC Connection [com.mysql.jdbc.JDBC4Connection@66d1af89]
  2021-02-22 20:41:30 [org.apache.ibatis.logging.LogFactory]-[DEBUG] Logging initialized using 'class org.apache.ibatis.logging.slf4j.Slf4jImpl' adapter.
  2021-02-22 20:41:30 [org.apache.ibatis.datasource.pooled.PooledDataSource]-[DEBUG] PooledDataSource forcefully closed/removed all connections.
  2021-02-22 20:41:30 [org.apache.ibatis.datasource.pooled.PooledDataSource]-[DEBUG] PooledDataSource forcefully closed/removed all connections.
  2021-02-22 20:41:30 [org.apache.ibatis.datasource.pooled.PooledDataSource]-[DEBUG] PooledDataSource forcefully closed/removed all connections.
  2021-02-22 20:41:30 [org.apache.ibatis.datasource.pooled.PooledDataSource]-[DEBUG] PooledDataSource forcefully closed/removed all connections.
  2021-02-22 20:41:30 [org.apache.ibatis.transaction.jdbc.JdbcTransaction]-[DEBUG] Opening JDBC Connection
  2021-02-22 20:41:30 [org.apache.ibatis.datasource.pooled.PooledDataSource]-[DEBUG] Created connection 1725017993.
  2021-02-22 20:41:30 [yanfan.mapper.PersonMapper.delete]-[DEBUG] ooo Using Connection [com.mysql.jdbc.JDBC4Connection@66d1af89]
  2021-02-22 20:41:30 [yanfan.mapper.PersonMapper.delete]-[DEBUG] ==>  Preparing: delete from persondb.person where id =? ; 
  2021-02-22 20:41:31 [yanfan.mapper.PersonMapper.delete]-[DEBUG] ==> Parameters: 9(Long)
  2021-02-22 20:41:31 [org.apache.ibatis.transaction.jdbc.JdbcTransaction]-[DEBUG] Committing JDBC Connection [com.mysql.jdbc.JDBC4Connection@66d1af89]
  2021-02-22 20:41:45 [org.apache.ibatis.logging.LogFactory]-[DEBUG] Logging initialized using 'class org.apache.ibatis.logging.slf4j.Slf4jImpl' adapter.
  2021-02-22 20:41:45 [org.apache.ibatis.datasource.pooled.PooledDataSource]-[DEBUG] PooledDataSource forcefully closed/removed all connections.
  2021-02-22 20:41:45 [org.apache.ibatis.datasource.pooled.PooledDataSource]-[DEBUG] PooledDataSource forcefully closed/removed all connections.
  2021-02-22 20:41:45 [org.apache.ibatis.datasource.pooled.PooledDataSource]-[DEBUG] PooledDataSource forcefully closed/removed all connections.
  2021-02-22 20:41:45 [org.apache.ibatis.datasource.pooled.PooledDataSource]-[DEBUG] PooledDataSource forcefully closed/removed all connections.
  2021-02-22 20:41:45 [org.apache.ibatis.transaction.jdbc.JdbcTransaction]-[DEBUG] Opening JDBC Connection
  2021-02-22 20:41:46 [org.apache.ibatis.datasource.pooled.PooledDataSource]-[DEBUG] Created connection 1773206895.
  2021-02-22 20:41:46 [yanfan.mapper.PersonMapper.selectAll]-[DEBUG] ooo Using Connection [com.mysql.jdbc.JDBC4Connection@69b0fd6f]
  2021-02-22 20:41:46 [yanfan.mapper.PersonMapper.selectAll]-[DEBUG] ==>  Preparing: select id, name, sex, age, rank, department from persondb.person 
  2021-02-22 20:41:46 [yanfan.mapper.PersonMapper.selectAll]-[DEBUG] ==> Parameters: 
  2021-02-22 20:41:59 [org.apache.ibatis.logging.LogFactory]-[DEBUG] Logging initialized using 'class org.apache.ibatis.logging.slf4j.Slf4jImpl' adapter.
  2021-02-22 20:41:59 [org.apache.ibatis.datasource.pooled.PooledDataSource]-[DEBUG] PooledDataSource forcefully closed/removed all connections.
  2021-02-22 20:41:59 [org.apache.ibatis.datasource.pooled.PooledDataSource]-[DEBUG] PooledDataSource forcefully closed/removed all connections.
  2021-02-22 20:41:59 [org.apache.ibatis.datasource.pooled.PooledDataSource]-[DEBUG] PooledDataSource forcefully closed/removed all connections.
  2021-02-22 20:41:59 [org.apache.ibatis.datasource.pooled.PooledDataSource]-[DEBUG] PooledDataSource forcefully closed/removed all connections.
  2021-02-22 20:41:59 [org.apache.ibatis.transaction.jdbc.JdbcTransaction]-[DEBUG] Opening JDBC Connection
  2021-02-22 20:41:59 [org.apache.ibatis.datasource.pooled.PooledDataSource]-[DEBUG] Created connection 1725017993.
  2021-02-22 20:41:59 [yanfan.mapper.PersonMapper.add]-[DEBUG] ooo Using Connection [com.mysql.jdbc.JDBC4Connection@66d1af89]
  2021-02-22 20:41:59 [yanfan.mapper.PersonMapper.add]-[DEBUG] ==>  Preparing: insert into persondb.person ( name, sex, age, rank, department ) values ( ?, ?, ?, ?, ? ); 
  2021-02-22 20:41:59 [yanfan.mapper.PersonMapper.add]-[DEBUG] ==> Parameters: 七1(String), 男(String), 22(Long), 4级(String), 开发部(String)
  2021-02-22 20:41:59 [org.apache.ibatis.transaction.jdbc.JdbcTransaction]-[DEBUG] Committing JDBC Connection [com.mysql.jdbc.JDBC4Connection@66d1af89]
  2021-02-22 20:42:05 [org.apache.ibatis.logging.LogFactory]-[DEBUG] Logging initialized using 'class org.apache.ibatis.logging.slf4j.Slf4jImpl' adapter.
  2021-02-22 20:42:05 [org.apache.ibatis.datasource.pooled.PooledDataSource]-[DEBUG] PooledDataSource forcefully closed/removed all connections.
  2021-02-22 20:42:05 [org.apache.ibatis.datasource.pooled.PooledDataSource]-[DEBUG] PooledDataSource forcefully closed/removed all connections.
  2021-02-22 20:42:05 [org.apache.ibatis.datasource.pooled.PooledDataSource]-[DEBUG] PooledDataSource forcefully closed/removed all connections.
  2021-02-22 20:42:05 [org.apache.ibatis.datasource.pooled.PooledDataSource]-[DEBUG] PooledDataSource forcefully closed/removed all connections.
  2021-02-22 20:42:05 [org.apache.ibatis.transaction.jdbc.JdbcTransaction]-[DEBUG] Opening JDBC Connection
  2021-02-22 20:42:05 [org.apache.ibatis.datasource.pooled.PooledDataSource]-[DEBUG] Created connection 1773206895.
  2021-02-22 20:42:05 [yanfan.mapper.PersonMapper.selectAll]-[DEBUG] ooo Using Connection [com.mysql.jdbc.JDBC4Connection@69b0fd6f]
  2021-02-22 20:42:05 [yanfan.mapper.PersonMapper.selectAll]-[DEBUG] ==>  Preparing: select id, name, sex, age, rank, department from persondb.person 
  2021-02-22 20:42:05 [yanfan.mapper.PersonMapper.selectAll]-[DEBUG] ==> Parameters: 
  2021-02-22 20:42:40 [org.apache.ibatis.logging.LogFactory]-[DEBUG] Logging initialized using 'class org.apache.ibatis.logging.slf4j.Slf4jImpl' adapter.
  2021-02-22 20:42:40 [org.apache.ibatis.datasource.pooled.PooledDataSource]-[DEBUG] PooledDataSource forcefully closed/removed all connections.
  2021-02-22 20:42:40 [org.apache.ibatis.datasource.pooled.PooledDataSource]-[DEBUG] PooledDataSource forcefully closed/removed all connections.
  2021-02-22 20:42:40 [org.apache.ibatis.datasource.pooled.PooledDataSource]-[DEBUG] PooledDataSource forcefully closed/removed all connections.
  2021-02-22 20:42:40 [org.apache.ibatis.datasource.pooled.PooledDataSource]-[DEBUG] PooledDataSource forcefully closed/removed all connections.
  2021-02-22 20:42:40 [org.apache.ibatis.transaction.jdbc.JdbcTransaction]-[DEBUG] Opening JDBC Connection
  2021-02-22 20:42:41 [org.apache.ibatis.datasource.pooled.PooledDataSource]-[DEBUG] Created connection 1725017993.
  2021-02-22 20:42:41 [yanfan.mapper.PersonMapper.update]-[DEBUG] ooo Using Connection [com.mysql.jdbc.JDBC4Connection@66d1af89]
  2021-02-22 20:42:41 [yanfan.mapper.PersonMapper.update]-[DEBUG] ==>  Preparing: update persondb.person set name = ? , sex = ? , age = ? , rank = ? , department = ? where id =? ; 
  2021-02-22 20:42:41 [yanfan.mapper.PersonMapper.update]-[DEBUG] ==> Parameters: 胡八(String), 男(String), 22(Long), 1级(String), 开发部(String), 10(Long)
  2021-02-22 20:42:41 [org.apache.ibatis.transaction.jdbc.JdbcTransaction]-[DEBUG] Committing JDBC Connection [com.mysql.jdbc.JDBC4Connection@66d1af89]
  2021-02-22 20:42:52 [org.apache.ibatis.logging.LogFactory]-[DEBUG] Logging initialized using 'class org.apache.ibatis.logging.slf4j.Slf4jImpl' adapter.
  2021-02-22 20:42:52 [org.apache.ibatis.datasource.pooled.PooledDataSource]-[DEBUG] PooledDataSource forcefully closed/removed all connections.
  2021-02-22 20:42:52 [org.apache.ibatis.datasource.pooled.PooledDataSource]-[DEBUG] PooledDataSource forcefully closed/removed all connections.
  2021-02-22 20:42:52 [org.apache.ibatis.datasource.pooled.PooledDataSource]-[DEBUG] PooledDataSource forcefully closed/removed all connections.
  2021-02-22 20:42:52 [org.apache.ibatis.datasource.pooled.PooledDataSource]-[DEBUG] PooledDataSource forcefully closed/removed all connections.
  2021-02-22 20:42:52 [org.apache.ibatis.transaction.jdbc.JdbcTransaction]-[DEBUG] Opening JDBC Connection
  2021-02-22 20:42:52 [org.apache.ibatis.datasource.pooled.PooledDataSource]-[DEBUG] Created connection 1773206895.
  2021-02-22 20:42:52 [yanfan.mapper.PersonMapper.selectAll]-[DEBUG] ooo Using Connection [com.mysql.jdbc.JDBC4Connection@69b0fd6f]
  2021-02-22 20:42:52 [yanfan.mapper.PersonMapper.selectAll]-[DEBUG] ==>  Preparing: select id, name, sex, age, rank, department from persondb.person 
  2021-02-22 20:42:53 [yanfan.mapper.PersonMapper.selectAll]-[DEBUG] ==> Parameters: 
  2021-02-22 20:43:16 [org.apache.ibatis.logging.LogFactory]-[DEBUG] Logging initialized using 'class org.apache.ibatis.logging.slf4j.Slf4jImpl' adapter.
  2021-02-22 20:43:16 [org.apache.ibatis.datasource.pooled.PooledDataSource]-[DEBUG] PooledDataSource forcefully closed/removed all connections.
  2021-02-22 20:43:16 [org.apache.ibatis.datasource.pooled.PooledDataSource]-[DEBUG] PooledDataSource forcefully closed/removed all connections.
  2021-02-22 20:43:16 [org.apache.ibatis.datasource.pooled.PooledDataSource]-[DEBUG] PooledDataSource forcefully closed/removed all connections.
  2021-02-22 20:43:16 [org.apache.ibatis.datasource.pooled.PooledDataSource]-[DEBUG] PooledDataSource forcefully closed/removed all connections.
  2021-02-22 20:43:16 [org.apache.ibatis.transaction.jdbc.JdbcTransaction]-[DEBUG] Opening JDBC Connection
  2021-02-22 20:43:16 [org.apache.ibatis.datasource.pooled.PooledDataSource]-[DEBUG] Created connection 1725017993.
  2021-02-22 20:43:17 [yanfan.mapper.PersonMapper.delete]-[DEBUG] ooo Using Connection [com.mysql.jdbc.JDBC4Connection@66d1af89]
  2021-02-22 20:43:17 [yanfan.mapper.PersonMapper.delete]-[DEBUG] ==>  Preparing: delete from persondb.person where id =? ; 
  2021-02-22 20:43:17 [yanfan.mapper.PersonMapper.delete]-[DEBUG] ==> Parameters: 10(Long)
  2021-02-22 20:43:17 [org.apache.ibatis.transaction.jdbc.JdbcTransaction]-[DEBUG] Committing JDBC Connection [com.mysql.jdbc.JDBC4Connection@66d1af89]
  